<?xml version="1.0" encoding="UTF-8"?>
<!-- Generated by org.testng.reporters.JUnitXMLReporter -->
<testsuite ignored="8" hostname="DESKTOP-ED4ISGB" failures="0" tests="2" name="Default test" time="5.587" errors="0" timestamp="2023-01-01T16:59:11 EET">
  <testcase classname="SwagLaps" name="login" time="0.12"/>
  <testcase classname="SwagLaps" name="totalPrice" time="2.589"/>
  <testcase classname="SwagLaps" name="sorting_high_low" time="0.0">
    <ignored/>
  </testcase> <!-- sorting_high_low -->
  <testcase classname="SwagLaps" name="sorting_low_High" time="0.0">
    <ignored/>
  </testcase> <!-- sorting_low_High -->
  <testcase classname="SwagLaps" name="nameCheck" time="0.0">
    <ignored/>
  </testcase> <!-- nameCheck -->
  <testcase classname="SwagLaps" name="addAllItemsToTheCart" time="0.0">
    <ignored/>
  </testcase> <!-- addAllItemsToTheCart -->
  <testcase classname="SwagLaps" name="addSpecificItemsToTheCart" time="0.0">
    <ignored/>
  </testcase> <!-- addSpecificItemsToTheCart -->
  <testcase classname="SwagLaps" name="descAndNameCheck" time="0.0">
    <ignored/>
  </testcase> <!-- descAndNameCheck -->
  <testcase classname="SwagLaps" name="sorting_A_Z" time="0.0">
    <ignored/>
  </testcase> <!-- sorting_A_Z -->
  <testcase classname="SwagLaps" name="sorting_Z_A" time="0.0">
    <ignored/>
  </testcase> <!-- sorting_Z_A -->
</testsuite> <!-- Default test -->
