<?xml version="1.0" encoding="UTF-8"?>
<testng-results ignored="8" total="10" passed="2" failed="0" skipped="0">
  <reporter-output>
  </reporter-output>
  <suite started-at="2023-01-01T16:59:06 EET" name="Default suite" finished-at="2023-01-01T16:59:11 EET" duration-ms="5587">
    <groups>
    </groups>
    <test started-at="2023-01-01T16:59:06 EET" name="Default test" finished-at="2023-01-01T16:59:11 EET" duration-ms="5587">
      <class name="SwagLaps">
        <test-method is-config="true" signature="beforeTesting()[pri:0, instance:SwagLaps@1aa7ecca]" started-at="2023-01-01T16:59:06 EET" name="beforeTesting" finished-at="2023-01-01T16:59:08 EET" duration-ms="2850" status="PASS">
          <reporter-output>
          </reporter-output>
        </test-method> <!-- beforeTesting -->
        <test-method signature="login()[pri:0, instance:SwagLaps@1aa7ecca]" started-at="2023-01-01T16:59:08 EET" name="login" finished-at="2023-01-01T16:59:09 EET" duration-ms="120" status="PASS">
          <reporter-output>
          </reporter-output>
        </test-method> <!-- login -->
        <test-method signature="totalPrice()[pri:1, instance:SwagLaps@1aa7ecca]" started-at="2023-01-01T16:59:09 EET" name="totalPrice" finished-at="2023-01-01T16:59:11 EET" duration-ms="2589" status="PASS">
          <reporter-output>
          </reporter-output>
        </test-method> <!-- totalPrice -->
        <test-method is-config="true" signature="afterTesting()[pri:0, instance:SwagLaps@1aa7ecca]" started-at="2023-01-01T16:59:11 EET" name="afterTesting" finished-at="2023-01-01T16:59:11 EET" duration-ms="0" status="PASS">
          <reporter-output>
          </reporter-output>
        </test-method> <!-- afterTesting -->
      </class> <!-- SwagLaps -->
    </test> <!-- Default test -->
  </suite> <!-- Default suite -->
</testng-results>
